2025-04-14 13:55:19,571 - Usuário 'Lucas' iniciou o sistema.
2025-04-14 13:55:28,879 - Lucas limpou os dados do DataFrame.
2025-04-14 13:55:52,852 - Lucas visualizou estatísticas da coluna Age.
2025-04-14 13:56:05,785 - Lucas gerou os gráficos.
2025-04-14 14:06:33,662 - Usuário 'Lucas' iniciou o sistema.
2025-04-14 14:06:42,237 - Lucas limpou os dados do DataFrame.
2025-04-14 14:07:26,280 - Lucas visualizou estatísticas da coluna Sleep_Hours_per_Night.
2025-04-14 14:07:40,178 - Lucas visualizou estatísticas da coluna Total_Score.
2025-04-14 14:08:32,919 - Lucas gerou os gráficos.
2025-04-14 14:09:00,006 - Usuário 'Pablo' iniciou o sistema.
2025-04-14 14:09:04,108 - Pablo limpou os dados do DataFrame.
2025-04-14 14:09:28,793 - Pablo gerou os gráficos.
2025-04-14 14:55:37,352 - Usuário 'Lucas' iniciou o sistema.
2025-04-14 14:55:51,403 - Lucas forneceu caminho inválido: C:\Users\lucas.souza\OneDrive - Sistema FIBRA\Documentos\aprendizagemMaquina\Trabalhoo\Students_Grading_Dataset.csv
2025-04-14 15:12:03,968 - Usuário 'Lucas' iniciou o sistema.
2025-04-14 15:12:05,313 - Lucas forneceu caminho inválido: gfsegr
2025-04-14 15:12:26,576 - Lucas limpou os dados do DataFrame.
2025-04-14 15:12:35,873 - Lucas visualizou estatísticas da coluna Final_Score.
2025-04-14 15:12:53,315 - Lucas gerou os gráficos.
2025-04-14 15:14:59,645 - Usuário 'Lucas' iniciou o sistema.
2025-04-14 15:15:04,960 - Lucas limpou os dados do DataFrame.
2025-04-14 15:15:10,992 - Lucas visualizou estatísticas da coluna Total_Score.
2025-04-14 15:15:55,333 - Lucas gerou os gráficos.
2025-04-14 15:54:21,962 - Usuário 'Professor' iniciou o sistema.
2025-04-14 15:54:26,469 - Professor limpou os dados do DataFrame.
2025-04-14 15:54:57,198 - Professor tentou acessar coluna inexistente: Agee
2025-04-14 15:55:21,730 - Professor visualizou estatísticas da coluna Age.
2025-04-14 15:55:47,216 - Professor gerou os gráficos.
2025-04-14 16:04:00,668 - Usuário 'Isaac' iniciou o sistema.
2025-04-14 16:04:24,036 - Isaac limpou os dados do DataFrame.
2025-04-14 16:04:27,907 - Isaac visualizou estatísticas da coluna Age.
2025-04-14 16:04:53,289 - Isaac gerou os gráficos.
2025-04-14 16:26:10,816 - Usuário 'Lucas' iniciou o sistema.
2025-04-14 16:26:19,748 - Lucas limpou os dados do DataFrame.
2025-04-14 16:26:22,067 - Lucas visualizou estatísticas da coluna Age.
2025-04-14 16:26:33,005 - Lucas gerou os gráficos.
2025-04-15 09:04:37,023 - Usuário 'Lucas' iniciou o sistema.
2025-04-15 09:04:50,094 - Lucas limpou os dados do DataFrame.
2025-04-15 09:04:53,307 - Lucas visualizou estatísticas da coluna Age.
2025-04-15 09:05:00,561 - Lucas visualizou estatísticas da coluna Age.
2025-04-15 09:05:10,722 - Lucas visualizou estatísticas da coluna Age.
2025-04-15 09:05:25,749 - Lucas gerou os gráficos.
2025-04-15 12:14:34,064 - Usuário 'Lucas' iniciou o sistema.
2025-04-15 12:14:37,236 - Lucas forneceu caminho do arquivo inválido inválido: dfsdf
2025-04-15 12:14:42,164 - Lucas forneceu caminho do arquivo inválido inválido: ff
2025-04-15 12:14:50,778 - Lucas limpou os dados do DataFrame.
2025-04-15 12:14:54,026 - Lucas visualizou estatísticas da coluna Age.
2025-04-15 12:14:55,588 - Lucas tentou acessar coluna inexistente: dg
2025-04-15 13:31:13,300 - Usuário 'Lucas' iniciou o sistema.
2025-04-15 13:31:26,391 - Usuário 'Lucas Lourenco' iniciou o sistema.
2025-04-15 14:09:55,884 - Usuário 'Lucas' iniciou o sistema.
2025-04-15 14:10:06,391 - Usuário 'Lucas' iniciou o sistema.
2025-04-15 14:10:13,664 - Lucas limpou os dados do DataFrame.
2025-04-15 14:10:31,859 - Lucas visualizou estatísticas da coluna Age.
2025-04-15 14:10:45,276 - Lucas gerou os gráficos.
2025-04-15 14:15:10,904 - Usuário 'Lucas' iniciou o sistema.
2025-04-15 14:15:20,417 - Lucas limpou os dados do DataFrame.
2025-04-15 14:27:59,300 - Lucas gerou os gráficos.
2025-04-15 14:28:04,819 - Usuário 'Lucas' iniciou o sistema.
2025-04-15 14:28:16,471 - Lucas consultou a visão geral dos dados.
2025-04-15 14:28:16,479 - Lucas limpou os dados do DataFrame.
2025-04-15 14:31:37,172 - Lucas gerou os gráficos.
2025-04-15 14:31:47,156 - Usuário 'Lucas' iniciou o sistema.
2025-04-15 14:31:54,326 - Lucas consultou a visão geral dos dados.
2025-04-15 14:32:16,595 - Lucas limpou os dados do DataFrame.
2025-04-15 14:32:57,390 - Lucas gerou os gráficos.
2025-04-15 14:34:44,602 - Usuário 'Lucas' iniciou o sistema.
2025-04-15 14:34:47,760 - Lucas consultou a visão geral dos dados.
2025-04-15 14:34:58,034 - Lucas limpou os dados do DataFrame.
2025-04-15 14:35:12,568 - Lucas visualizou estatísticas da coluna Age.
2025-04-15 14:44:28,212 - Lucas tentou acessar coluna inexistente: Isaac
2025-04-15 14:44:41,781 - Lucas tentou acessar coluna inexistente: Stress_Level
2025-04-15 14:44:49,210 - Lucas gerou os gráficos.
2025-04-15 14:51:08,379 - Usuário 'Isaac' iniciou o sistema.
2025-04-15 14:51:24,270 - Isaac consultou a visão geral dos dados.
2025-04-15 14:51:33,969 - Isaac limpou os dados do DataFrame.
2025-04-15 14:51:53,157 - Isaac gerou os gráficos.
2025-04-15 16:11:25,938 - Usuário 'Lucas Lourenco' iniciou o sistema.
2025-04-15 16:11:49,625 - Usuário 'lu' iniciou o sistema.
2025-04-15 16:11:57,539 - lu forneceu caminho do arquivo inválido inválido: lu
2025-04-15 16:12:25,484 - Usuário 'Lucas' iniciou o sistema.
2025-04-15 16:12:58,541 - Usuário 'Pablo Coelho' iniciou o sistema.
2025-04-15 16:13:54,109 - Usuário 'Pablo-Coelho' iniciou o sistema.
2025-04-15 16:14:14,498 - Usuário 'Lucas' iniciou o sistema.
2025-04-15 16:14:32,596 - Lucas forneceu caminho do arquivo inválido inválido: caminho01
2025-04-15 16:14:38,827 - Lucas forneceu caminho do arquivo inválido inválido: caminho02
2025-04-15 16:14:54,689 - Lucas consultou a visão geral dos dados.
2025-04-15 16:14:58,009 - Lucas limpou os dados do DataFrame.
2025-04-15 16:16:20,939 - Lucas gerou os gráficos.
2025-04-15 16:16:42,562 - Usuário 'Lucas Lourenço' iniciou o sistema.
2025-04-15 16:16:53,068 - Lucas Lourenço consultou a visão geral dos dados.
2025-04-15 16:17:21,796 - Lucas Lourenço gerou os gráficos.
